生成启动时间为 2020/7/13 17:36:42。
     1>项目“E:\project\图形学作业五\图形学作业五\图形学作业五.vcxproj”在节点 2 上(Build 个目标)。
     1>ClCompile:
         D:\Visual\VC\bin\CL.exe /c /Zi /nologo /W3 /WX- /O2 /Oi /Oy- /GL /D WIN32 /D NDEBUG /D _CONSOLE /D _LIB /D _UNICODE /D UNICODE /Gm- /EHsc /MD /GS /Gy /fp:precise /Zc:wchar_t /Zc:forScope /Fo"Release\\" /Fd"Release\vc120.pdb" /Gd /TP /analyze- /errorReport:prompt PathTracer.cpp
         PathTracer.cpp
     1>e:\project\图形学作业五\图形学作业五\vec3.h(50): warning C4244: “初始化”: 从“double”转换到“float”，可能丢失数据
     1>e:\project\图形学作业五\图形学作业五\texture.h(21): warning C4244: “=”: 从“double”转换到“float”，可能丢失数据
     1>e:\project\图形学作业五\图形学作业五\texture.h(22): warning C4244: “=”: 从“double”转换到“float”，可能丢失数据
     1>e:\project\图形学作业五\图形学作业五\texture.h(23): warning C4244: “=”: 从“double”转换到“float”，可能丢失数据
     1>e:\project\图形学作业五\图形学作业五\texture.h(63): warning C4244: “初始化”: 从“double”转换到“int”，可能丢失数据
     1>e:\project\图形学作业五\图形学作业五\material.h(63): warning C4244: “初始化”: 从“double”转换到“float”，可能丢失数据
     1>e:\project\图形学作业五\图形学作业五\material.h(96): warning C4244: “=”: 从“double”转换到“float”，可能丢失数据
     1>e:\project\图形学作业五\图形学作业五\sphere.h(10): warning C4244: “=”: 从“double”转换到“float”，可能丢失数据
     1>e:\project\图形学作业五\图形学作业五\sphere.h(11): warning C4244: “=”: 从“double”转换到“float”，可能丢失数据
     1>e:\project\图形学作业五\图形学作业五\sphere.h(28): warning C4244: “初始化”: 从“double”转换到“float”，可能丢失数据
     1>e:\project\图形学作业五\图形学作业五\sphere.h(32): warning C4244: “初始化”: 从“double”转换到“float”，可能丢失数据
     1>e:\project\图形学作业五\图形学作业五\sphere.h(41): warning C4244: “=”: 从“double”转换到“float”，可能丢失数据
     1>e:\project\图形学作业五\图形学作业五\hitable_list.h(20): warning C4244: “参数”: 从“double”转换到“float”，可能丢失数据
     1>e:\project\图形学作业五\图形学作业五\camera.h(20): warning C4244: “初始化”: 从“double”转换到“float”，可能丢失数据
     1>e:\project\图形学作业五\图形学作业五\model.h(116): warning C4018: “<”: 有符号/无符号不匹配
     1>PathTracer.cpp(35): warning C4305: “参数”: 从“double”到“float”截断
     1>PathTracer.cpp(40): warning C4305: “参数”: 从“double”到“float”截断
     1>PathTracer.cpp(53): warning C4244: “初始化”: 从“double”转换到“float”，可能丢失数据
     1>PathTracer.cpp(54): warning C4244: “参数”: 从“double”转换到“float”，可能丢失数据
     1>PathTracer.cpp(54): warning C4305: “参数”: 从“double”到“float”截断
     1>PathTracer.cpp(71): warning C4244: “参数”: 从“double”转换到“float”，可能丢失数据
     1>PathTracer.cpp(71): warning C4305: “参数”: 从“double”到“float”截断
     1>PathTracer.cpp(72): warning C4305: “参数”: 从“double”到“float”截断
     1>PathTracer.cpp(75): warning C4305: “参数”: 从“double”到“float”截断
     1>PathTracer.cpp(79): warning C4244: “参数”: 从“double”转换到“float”，可能丢失数据
     1>PathTracer.cpp(79): warning C4305: “参数”: 从“double”到“float”截断
     1>PathTracer.cpp(82): warning C4305: “参数”: 从“double”到“float”截断
     1>PathTracer.cpp(90): warning C4305: “参数”: 从“double”到“float”截断
     1>PathTracer.cpp(127): warning C4305: “参数”: 从“double”到“float”截断
     1>PathTracer.cpp(130): warning C4244: “参数”: 从“int”转换到“float”，可能丢失数据
     1>PathTracer.cpp(174): warning C4018: “>=”: 有符号/无符号不匹配
       Link:
         D:\Visual\VC\bin\link.exe /ERRORREPORT:PROMPT /OUT:"E:\project\图形学作业五\Release\图形学作业五.exe" /INCREMENTAL:NO /NOLOGO "assimp-vc120-mt.lib" opencv_ml249d.lib opencv_calib3d249d.lib opencv_contrib249d.lib opencv_core249d.lib opencv_features2d249d.lib opencv_flann249d.lib opencv_gpu249d.lib opencv_highgui249d.lib opencv_imgproc249d.lib opencv_legacy249d.lib opencv_objdetect249d.lib opencv_ts249d.lib opencv_video249d.lib opencv_nonfree249d.lib opencv_ocl249d.lib opencv_photo249d.lib opencv_stitching249d.lib opencv_superres249d.lib opencv_videostab249d.lib opencv_objdetect249.lib opencv_ts249.lib opencv_video249.lib opencv_nonfree249.lib opencv_ocl249.lib opencv_photo249.lib opencv_stitching249.lib opencv_superres249.lib opencv_videostab249.lib opencv_calib3d249.lib opencv_contrib249.lib opencv_core249.lib opencv_features2d249.lib opencv_flann249.lib opencv_gpu249.lib opencv_highgui249.lib opencv_imgproc249.lib opencv_legacy249.lib opencv_ml249.lib kernel32.lib user32.lib gdi32.lib winspool.lib comdlg32.lib advapi32.lib shell32.lib ole32.lib oleaut32.lib uuid.lib odbc32.lib odbccp32.lib /MANIFEST /MANIFESTUAC:"level='asInvoker' uiAccess='false'" /manifest:embed /DEBUG /PDB:"E:\project\图形学作业五\Release\图形学作业五.pdb" /SUBSYSTEM:CONSOLE /OPT:REF /OPT:ICF /LTCG /TLBID:1 /DYNAMICBASE /NXCOMPAT /IMPLIB:"E:\project\图形学作业五\Release\图形学作业五.lib" /MACHINE:X86 /SAFESEH Release\main.obj
         Release\PathTracer.obj
         正在生成代码
         已完成代码的生成
         图形学作业五.vcxproj -> E:\project\图形学作业五\Release\图形学作业五.exe
     1>已完成生成项目“E:\project\图形学作业五\图形学作业五\图形学作业五.vcxproj”(Build 个目标)的操作。

生成成功。

已用时间 00:00:08.85
